<?xml version="1.0" encoding="UTF-8"?>
<!-- Generated by org.testng.reporters.JUnitReportReporter -->
<testsuite hostname="SJBC-DANNY2" failures="0" tests="6" name="ui.GroupTest2" time="0.007" errors="0" timestamp="2021-03-11T00:56:51 GMT-08:00" skipped="0">
  <testcase classname="ui.GroupTest2" name="logoutTest01" time="0.000"/>
  <system-out/>
  <testcase classname="ui.GroupTest2" name="aTest99" time="0.001"/>
  <system-out/>
  <testcase classname="ui.GroupTest2" name="logoutTest99" time="0.001"/>
  <system-out/>
  <testcase classname="ui.GroupTest2" name="logoutTest02" time="0.001"/>
  <system-out/>
  <testcase classname="ui.GroupTest2" name="aTest01" time="0.003"/>
  <system-out/>
  <testcase classname="ui.GroupTest2" name="aTest02" time="0.001"/>
  <system-out/>
</testsuite> <!-- ui.GroupTest2 -->
