<?xml version="1.0" encoding="UTF-8"?>
<!-- Generated by org.testng.reporters.JUnitReportReporter -->
<testsuite hostname="SJBC-DANNY2" failures="0" tests="10" name="ui.GroupTest" time="0.014" errors="0" timestamp="2021-03-11T00:24:17 GMT-08:00" skipped="0">
  <testcase classname="ui.GroupTest" name="aTest99" time="0.001"/>
  <system-out/>
  <testcase classname="ui.GroupTest" name="aTest02" time="0.001"/>
  <system-out/>
  <testcase classname="ui.GroupTest" name="logoutTest02" time="0.001"/>
  <system-out/>
  <testcase classname="ui.GroupTest" name="logoutTest99" time="0.001"/>
  <system-out/>
  <testcase classname="ui.GroupTest" name="aTest01" time="0.001"/>
  <system-out/>
  <testcase classname="ui.GroupTest" name="logoutTest99" time="0.003"/>
  <system-out/>
  <testcase classname="ui.GroupTest" name="aTest99" time="0.000"/>
  <system-out/>
  <testcase classname="ui.GroupTest" name="logoutTest01" time="0.001"/>
  <system-out/>
  <testcase classname="ui.GroupTest" name="aTest01" time="0.005"/>
  <system-out/>
  <testcase classname="ui.GroupTest" name="aTest02" time="0.000"/>
  <system-out/>
</testsuite> <!-- ui.GroupTest -->
