<?xml version="1.0" encoding="UTF-8"?>
<!-- Generated by org.testng.reporters.JUnitReportReporter -->
<testsuite hostname="SJBC-DANNY2" failures="0" tests="4" name="ui.SkipTest" time="0.006" errors="0" timestamp="2021-03-06T02:01:04 GMT-08:00" skipped="3">
  <testcase classname="ui.SkipTest" name="skipTest02" time="0.001">
    <skipped/>
  </testcase> <!-- skipTest02 -->
  <system-out/>
  <testcase classname="ui.SkipTest" name="skipTest03" time="0.000">
    <skipped/>
  </testcase> <!-- skipTest03 -->
  <system-out/>
  <testcase classname="ui.SkipTest" name="pageReview" time="0.005"/>
  <system-out/>
  <testcase classname="ui.SkipTest" name="skipTest01">
    <skipped/>
  </testcase> <!-- skipTest01 -->
  <system-out/>
</testsuite> <!-- ui.SkipTest -->
