<?xml version="1.0" encoding="UTF-8"?>
<!-- Generated by org.testng.reporters.JUnitReportReporter -->
<testsuite hostname="SJBC-DANNY2" failures="0" tests="1" name="ui.ListenerTestCase" time="1.008" errors="0" timestamp="2021-03-12T01:00:49 GMT-08:00" skipped="0">
  <testcase classname="ui.ListenerTestCase" name="launchApp" time="1.008"/>
  <system-out/>
</testsuite> <!-- ui.ListenerTestCase -->
