<?xml version="1.0" encoding="UTF-8"?>
<!-- Generated by org.testng.reporters.JUnitReportReporter -->
<testsuite hostname="SJBC-DANNY2" failures="0" tests="3" name="ui.Login" time="0.010" errors="0" timestamp="2021-03-11T00:24:17 GMT-08:00" skipped="0">
  <testcase classname="ui.Login" name="logoutTest01" time="0.005"/>
  <system-out/>
  <testcase classname="ui.Login" name="loginTest01" time="0.002"/>
  <system-out/>
  <testcase classname="ui.Login" name="loginTest02" time="0.003"/>
  <system-out/>
</testsuite> <!-- ui.Login -->
