<?xml version="1.0" encoding="UTF-8"?>
<!-- Generated by org.testng.reporters.JUnitReportReporter -->
<testsuite hostname="SJBC-DANNY2" failures="0" tests="7" name="ui.DataProviderTests" time="0.007" errors="0" timestamp="2021-03-11T19:46:56 GMT-08:00" skipped="0">
  <testcase classname="ui.DataProviderTests" name="dataCaller01" time="0.000"/>
  <system-out/>
  <testcase classname="ui.DataProviderTests" name="dataCaller02" time="0.001"/>
  <system-out/>
  <testcase classname="ui.DataProviderTests" name="dataCaller01" time="0.005"/>
  <system-out/>
  <testcase classname="ui.DataProviderTests" name="dataCaller02" time="0.000"/>
  <system-out/>
  <testcase classname="ui.DataProviderTests" name="dataCaller01" time="0.000"/>
  <system-out/>
  <testcase classname="ui.DataProviderTests" name="dataCaller02" time="0.000"/>
  <system-out/>
  <testcase classname="ui.DataProviderTests" name="dataCaller02" time="0.001"/>
  <system-out/>
</testsuite> <!-- ui.DataProviderTests -->
