<?xml version="1.0" encoding="UTF-8"?>
<!-- Generated by org.testng.reporters.JUnitReportReporter -->
<testsuite hostname="SJBC-DANNY2" failures="0" tests="4" name="ui.SauceLabsLogin" time="27.233" errors="0" timestamp="2021-03-12T17:52:24 GMT-08:00" skipped="0">
  <testcase classname="ui.SauceLabsLogin" name="sauceLabLogin" time="5.266"/>
  <system-out/>
  <testcase classname="ui.SauceLabsLogin" name="sauceLabLogin" time="10.310"/>
  <system-out/>
  <testcase classname="ui.SauceLabsLogin" name="sauceLabLogin" time="5.312"/>
  <system-out/>
  <testcase classname="ui.SauceLabsLogin" name="sauceLabLogin" time="6.345"/>
  <system-out/>
</testsuite> <!-- ui.SauceLabsLogin -->
