<?xml version="1.0" encoding="UTF-8"?>
<!-- Generated by org.testng.reporters.JUnitReportReporter -->
<testsuite hostname="SJBC-DANNY2" failures="0" tests="1" name="ui.DatePicker" time="41.726" errors="0" timestamp="2021-03-30T04:28:36 GMT-07:00" skipped="0">
  <testcase classname="ui.DatePicker" name="selectDates" time="41.726"/>
  <system-out/>
</testsuite> <!-- ui.DatePicker -->
